C:\USERS\ESOGXIG\DOCUMENTS\VISUAL STUDIO 2010\PROJECTS\DEMO\DEBUG\DEMO.EXE
C:\USERS\ESOGXIG\DOCUMENTS\VISUAL STUDIO 2010\PROJECTS\DEMO\DEBUG\DEMO.ILK
C:\USERS\ESOGXIG\DOCUMENTS\VISUAL STUDIO 2010\PROJECTS\DEMO\DEBUG\DEMO.PDB
C:\Users\esogxig\documents\visual studio 2010\Projects\demo\demo\Debug\cl.command.1.tlog
C:\Users\esogxig\documents\visual studio 2010\Projects\demo\demo\Debug\CL.read.1.tlog
C:\Users\esogxig\documents\visual studio 2010\Projects\demo\demo\Debug\CL.write.1.tlog
C:\USERS\ESOGXIG\DOCUMENTS\VISUAL STUDIO 2010\PROJECTS\DEMO\DEMO\DEBUG\DEMO.EXE.EMBED.MANIFEST
C:\USERS\ESOGXIG\DOCUMENTS\VISUAL STUDIO 2010\PROJECTS\DEMO\DEMO\DEBUG\DEMO.EXE.EMBED.MANIFEST.RES
C:\USERS\ESOGXIG\DOCUMENTS\VISUAL STUDIO 2010\PROJECTS\DEMO\DEMO\DEBUG\DEMO.EXE.INTERMEDIATE.MANIFEST
C:\Users\esogxig\documents\visual studio 2010\Projects\demo\demo\Debug\demo.vcxprojResolveAssemblyReference.cache
C:\Users\esogxig\documents\visual studio 2010\Projects\demo\demo\Debug\demo.write.1.tlog
C:\Users\esogxig\documents\visual studio 2010\Projects\demo\demo\Debug\demo_manifest.rc
C:\Users\esogxig\documents\visual studio 2010\Projects\demo\demo\Debug\link.964.read.1.tlog
C:\Users\esogxig\documents\visual studio 2010\Projects\demo\demo\Debug\link.964.write.1.tlog
C:\Users\esogxig\documents\visual studio 2010\Projects\demo\demo\Debug\link.964-cvtres.read.1.tlog
C:\Users\esogxig\documents\visual studio 2010\Projects\demo\demo\Debug\link.964-cvtres.write.1.tlog
C:\Users\esogxig\documents\visual studio 2010\Projects\demo\demo\Debug\link.command.1.tlog
C:\Users\esogxig\documents\visual studio 2010\Projects\demo\demo\Debug\link.read.1.tlog
C:\Users\esogxig\documents\visual studio 2010\Projects\demo\demo\Debug\link.write.1.tlog
C:\Users\esogxig\documents\visual studio 2010\Projects\demo\demo\Debug\link-cvtres.read.1.tlog
C:\Users\esogxig\documents\visual studio 2010\Projects\demo\demo\Debug\link-cvtres.write.1.tlog
C:\USERS\ESOGXIG\DOCUMENTS\VISUAL STUDIO 2010\PROJECTS\DEMO\DEMO\DEBUG\LIST_DEMO.OBJ
C:\Users\esogxig\documents\visual studio 2010\Projects\demo\demo\Debug\mt.command.1.tlog
C:\Users\esogxig\documents\visual studio 2010\Projects\demo\demo\Debug\mt.read.1.tlog
C:\Users\esogxig\documents\visual studio 2010\Projects\demo\demo\Debug\mt.write.1.tlog
C:\Users\esogxig\documents\visual studio 2010\Projects\demo\demo\Debug\rc.command.1.tlog
C:\Users\esogxig\documents\visual studio 2010\Projects\demo\demo\Debug\rc.read.1.tlog
C:\Users\esogxig\documents\visual studio 2010\Projects\demo\demo\Debug\rc.write.1.tlog
C:\Users\esogxig\documents\visual studio 2010\Projects\demo\demo\Debug\vc100.idb
C:\USERS\ESOGXIG\DOCUMENTS\VISUAL STUDIO 2010\PROJECTS\DEMO\DEMO\DEBUG\VC100.PDB
