C:\MIKO\CODE\CPP_PROJECT\TEMPLATEDEMO\DEBUG\TEMPLATEDEMO.EXE
C:\MIKO\CODE\CPP_PROJECT\TEMPLATEDEMO\DEBUG\TEMPLATEDEMO.ILK
C:\MIKO\CODE\CPP_PROJECT\TEMPLATEDEMO\DEBUG\TEMPLATEDEMO.PDB
C:\Miko\Code\CPP_Project\TemplateDemo\TemplateDemo\Debug\cl.command.1.tlog
C:\Miko\Code\CPP_Project\TemplateDemo\TemplateDemo\Debug\CL.read.1.tlog
C:\Miko\Code\CPP_Project\TemplateDemo\TemplateDemo\Debug\CL.write.1.tlog
C:\Miko\Code\CPP_Project\TemplateDemo\TemplateDemo\Debug\link.11732.read.1.tlog
C:\Miko\Code\CPP_Project\TemplateDemo\TemplateDemo\Debug\link.11732.write.1.tlog
C:\Miko\Code\CPP_Project\TemplateDemo\TemplateDemo\Debug\link.11732-cvtres.read.1.tlog
C:\Miko\Code\CPP_Project\TemplateDemo\TemplateDemo\Debug\link.11732-cvtres.write.1.tlog
C:\Miko\Code\CPP_Project\TemplateDemo\TemplateDemo\Debug\link.5636.read.1.tlog
C:\Miko\Code\CPP_Project\TemplateDemo\TemplateDemo\Debug\link.5636.write.1.tlog
C:\Miko\Code\CPP_Project\TemplateDemo\TemplateDemo\Debug\link.5636-cvtres.read.1.tlog
C:\Miko\Code\CPP_Project\TemplateDemo\TemplateDemo\Debug\link.5636-cvtres.write.1.tlog
C:\Miko\Code\CPP_Project\TemplateDemo\TemplateDemo\Debug\link.command.1.tlog
C:\Miko\Code\CPP_Project\TemplateDemo\TemplateDemo\Debug\link.read.1.tlog
C:\Miko\Code\CPP_Project\TemplateDemo\TemplateDemo\Debug\link.write.1.tlog
C:\Miko\Code\CPP_Project\TemplateDemo\TemplateDemo\Debug\link-cvtres.read.1.tlog
C:\Miko\Code\CPP_Project\TemplateDemo\TemplateDemo\Debug\link-cvtres.write.1.tlog
C:\Miko\Code\CPP_Project\TemplateDemo\TemplateDemo\Debug\mt.command.1.tlog
C:\Miko\Code\CPP_Project\TemplateDemo\TemplateDemo\Debug\mt.read.1.tlog
C:\Miko\Code\CPP_Project\TemplateDemo\TemplateDemo\Debug\mt.write.1.tlog
C:\MIKO\CODE\CPP_PROJECT\TEMPLATEDEMO\TEMPLATEDEMO\DEBUG\PTRDEMO.OBJ
C:\Miko\Code\CPP_Project\TemplateDemo\TemplateDemo\Debug\rc.command.1.tlog
C:\Miko\Code\CPP_Project\TemplateDemo\TemplateDemo\Debug\rc.read.1.tlog
C:\Miko\Code\CPP_Project\TemplateDemo\TemplateDemo\Debug\rc.write.1.tlog
C:\MIKO\CODE\CPP_PROJECT\TEMPLATEDEMO\TEMPLATEDEMO\DEBUG\TEMPLATEDEMO.EXE.EMBED.MANIFEST
C:\MIKO\CODE\CPP_PROJECT\TEMPLATEDEMO\TEMPLATEDEMO\DEBUG\TEMPLATEDEMO.EXE.EMBED.MANIFEST.RES
C:\MIKO\CODE\CPP_PROJECT\TEMPLATEDEMO\TEMPLATEDEMO\DEBUG\TEMPLATEDEMO.EXE.INTERMEDIATE.MANIFEST
C:\Miko\Code\CPP_Project\TemplateDemo\TemplateDemo\Debug\TemplateDemo.vcxprojResolveAssemblyReference.cache
C:\Miko\Code\CPP_Project\TemplateDemo\TemplateDemo\Debug\TemplateDemo.write.1.tlog
C:\Miko\Code\CPP_Project\TemplateDemo\TemplateDemo\Debug\TemplateDemo_manifest.rc
C:\Miko\Code\CPP_Project\TemplateDemo\TemplateDemo\Debug\vc100.idb
C:\MIKO\CODE\CPP_PROJECT\TEMPLATEDEMO\TEMPLATEDEMO\DEBUG\VC100.PDB
